<?xml version="1.0" encoding="UTF-8"?>
<!-- Generated by org.testng.reporters.JUnitReportReporter -->
<testsuite hostname="Ankurs-Surface-3" failures="0" tests="5" name="test.BrowserTest" time="50.852" errors="0" timestamp="2023-05-18T14:52:27 EDT" skipped="0">
  <testcase classname="test.BrowserTest" name="browserLaunchTest" time="8.972"/>
  <system-out/>
  <testcase classname="test.BrowserTest" name="browserLaunchTest" time="13.603"/>
  <system-out/>
  <testcase classname="test.BrowserTest" name="browserLaunchTest" time="9.114"/>
  <system-out/>
  <testcase classname="test.BrowserTest" name="browserLaunchTest" time="9.316"/>
  <system-out/>
  <testcase classname="test.BrowserTest" name="browserLaunchTest" time="9.847"/>
  <system-out/>
</testsuite> <!-- test.BrowserTest -->
