<?xml version="1.0" encoding="UTF-8"?>
<!-- Generated by org.testng.reporters.JUnitReportReporter -->
<testsuite hostname="Ankurs-Surface-3" failures="0" tests="2" name="test.HomePageTest" time="0.158" errors="0" timestamp="2023-05-18T15:24:18 EDT" skipped="0">
  <testcase classname="test.HomePageTest" name="titleTest" time="0.040"/>
  <system-out/>
  <testcase classname="test.HomePageTest" name="logoTest" time="0.118"/>
  <system-out/>
</testsuite> <!-- test.HomePageTest -->
