<?xml version="1.0" encoding="UTF-8"?>
<!-- Generated by org.testng.reporters.JUnitReportReporter -->
<testsuite hostname="Ankurs-Surface-3" failures="0" tests="5" name="test.BrowserTest" time="30.079" errors="0" timestamp="2023-05-17T16:17:52 EDT" skipped="0">
  <testcase classname="test.BrowserTest" name="browserLaunchTest" time="6.709"/>
  <system-out/>
  <testcase classname="test.BrowserTest" name="browserLaunchTest" time="5.957"/>
  <system-out/>
  <testcase classname="test.BrowserTest" name="browserLaunchTest" time="5.912"/>
  <system-out/>
  <testcase classname="test.BrowserTest" name="browserLaunchTest" time="5.752"/>
  <system-out/>
  <testcase classname="test.BrowserTest" name="browserLaunchTest" time="5.749"/>
  <system-out/>
</testsuite> <!-- test.BrowserTest -->
