<?xml version="1.0" encoding="UTF-8"?>
<!-- Generated by org.testng.reporters.JUnitReportReporter -->
<testsuite hostname="Ankurs-Surface-3" failures="0" tests="5" name="test.BrowserTest" time="45.031" errors="0" timestamp="2023-05-18T13:19:28 EDT" skipped="0">
  <testcase classname="test.BrowserTest" name="browserLaunchTest" time="11.270"/>
  <system-out/>
  <testcase classname="test.BrowserTest" name="browserLaunchTest" time="8.222"/>
  <system-out/>
  <testcase classname="test.BrowserTest" name="browserLaunchTest" time="8.713"/>
  <system-out/>
  <testcase classname="test.BrowserTest" name="browserLaunchTest" time="8.760"/>
  <system-out/>
  <testcase classname="test.BrowserTest" name="browserLaunchTest" time="8.066"/>
  <system-out/>
</testsuite> <!-- test.BrowserTest -->
