<?xml version="1.0" encoding="UTF-8"?>
<!-- Generated by org.testng.reporters.JUnitReportReporter -->
<testsuite hostname="Ankurs-Surface-3" failures="0" tests="5" name="test.BrowserTest" time="46.741" errors="0" timestamp="2023-05-18T16:31:06 EDT" skipped="0">
  <testcase classname="test.BrowserTest" name="browserLaunchTest" time="7.683"/>
  <system-out/>
  <testcase classname="test.BrowserTest" name="browserLaunchTest" time="15.705"/>
  <system-out/>
  <testcase classname="test.BrowserTest" name="browserLaunchTest" time="7.487"/>
  <system-out/>
  <testcase classname="test.BrowserTest" name="browserLaunchTest" time="7.763"/>
  <system-out/>
  <testcase classname="test.BrowserTest" name="browserLaunchTest" time="8.103"/>
  <system-out/>
</testsuite> <!-- test.BrowserTest -->
